  imgui.cpp
  imgui_demo.cpp
  imgui_draw.cpp
  imgui_widgets.cpp
  imgui-SFML.cpp
c:\users\gaara\source\repos\dearimguilearning\imgui\imgui-sfml-master\imgui-sfml.cpp(417): warning C4312: 'type cast': conversion from 'unsigned int' to 'void *' of greater size
c:\users\gaara\source\repos\dearimguilearning\imgui\imgui-sfml-master\imgui-sfml.cpp(489): warning C4312: 'type cast': conversion from 'unsigned int' to 'void *' of greater size
c:\users\gaara\source\repos\dearimguilearning\imgui\imgui-sfml-master\imgui-sfml.cpp(505): warning C4312: 'type cast': conversion from 'unsigned int' to 'void *' of greater size
c:\users\gaara\source\repos\dearimguilearning\imgui\imgui-sfml-master\imgui-sfml.cpp(697): warning C4312: 'type cast': conversion from 'unsigned int' to 'void *' of greater size
  DearImguiLearning.cpp
  ImGuiManager.cpp
c:\users\gaara\source\repos\dearimguilearning\imgui\imgui-master\imgui.h(168): warning C4244: 'argument': conversion from 'const float' to 'T', possible loss of data
          with
          [
              T=int
          ]
  c:\users\gaara\source\repos\dearimguilearning\dearimguilearning\imguimanager.cpp(77): note: see reference to function template instantiation 'ImVec2::operator sf::Vector2<int>(void) const<int>' being compiled
  Locator.cpp
  MapRenderer.cpp
  Widget.cpp
  Window.cpp
LINK : fatal error LNK1181: cannot open input file 'sfml-window-d.lib'
