c:\hobbyd\slimegamemapmaker\dearimguilearning\x64\debug\vc141.pdb
c:\hobbyd\slimegamemapmaker\dearimguilearning\x64\debug\vc141.idb
c:\hobbyd\slimegamemapmaker\dearimguilearning\x64\debug\imguimanager.obj
c:\hobbyd\slimegamemapmaker\dearimguilearning\x64\debug\dearimguilearning.obj
c:\hobbyd\slimegamemapmaker\dearimguilearning\x64\debug\locator.obj
c:\hobbyd\slimegamemapmaker\dearimguilearning\x64\debug\window.obj
c:\hobbyd\slimegamemapmaker\dearimguilearning\x64\debug\widget.obj
c:\hobbyd\slimegamemapmaker\dearimguilearning\x64\debug\maprenderer.obj
c:\hobbyd\slimegamemapmaker\dearimguilearning\x64\debug\imgui-sfml.obj
c:\hobbyd\slimegamemapmaker\dearimguilearning\x64\debug\imgui_widgets.obj
c:\hobbyd\slimegamemapmaker\dearimguilearning\x64\debug\imgui_draw.obj
c:\hobbyd\slimegamemapmaker\dearimguilearning\x64\debug\imgui_demo.obj
c:\hobbyd\slimegamemapmaker\dearimguilearning\x64\debug\imgui.obj
c:\hobbyd\slimegamemapmaker\dearimguilearning\x64\debug\nontiledgridmanager.obj
c:\hobbyd\slimegamemapmaker\x64\debug\dearimguilearning.exe
c:\hobbyd\slimegamemapmaker\x64\debug\dearimguilearning.ilk
c:\hobbyd\slimegamemapmaker\x64\debug\dearimguilearning.pdb
c:\hobbyd\slimegamemapmaker\dearimguilearning\x64\debug\maprenderer.obj.enc
c:\hobbyd\slimegamemapmaker\dearimguilearning\x64\debug\dearimgu.255f2b2f.tlog\cl.command.1.tlog
c:\hobbyd\slimegamemapmaker\dearimguilearning\x64\debug\dearimgu.255f2b2f.tlog\cl.read.1.tlog
c:\hobbyd\slimegamemapmaker\dearimguilearning\x64\debug\dearimgu.255f2b2f.tlog\cl.write.1.tlog
c:\hobbyd\slimegamemapmaker\dearimguilearning\x64\debug\dearimgu.255f2b2f.tlog\link-cvtres.read.1.tlog
c:\hobbyd\slimegamemapmaker\dearimguilearning\x64\debug\dearimgu.255f2b2f.tlog\link-cvtres.write.1.tlog
c:\hobbyd\slimegamemapmaker\dearimguilearning\x64\debug\dearimgu.255f2b2f.tlog\link-rc.read.1.tlog
c:\hobbyd\slimegamemapmaker\dearimguilearning\x64\debug\dearimgu.255f2b2f.tlog\link-rc.write.1.tlog
c:\hobbyd\slimegamemapmaker\dearimguilearning\x64\debug\dearimgu.255f2b2f.tlog\link.15396-cvtres.read.1.tlog
c:\hobbyd\slimegamemapmaker\dearimguilearning\x64\debug\dearimgu.255f2b2f.tlog\link.15396-cvtres.write.1.tlog
c:\hobbyd\slimegamemapmaker\dearimguilearning\x64\debug\dearimgu.255f2b2f.tlog\link.15396-rc.read.1.tlog
c:\hobbyd\slimegamemapmaker\dearimguilearning\x64\debug\dearimgu.255f2b2f.tlog\link.15396-rc.write.1.tlog
c:\hobbyd\slimegamemapmaker\dearimguilearning\x64\debug\dearimgu.255f2b2f.tlog\link.15396.read.1.tlog
c:\hobbyd\slimegamemapmaker\dearimguilearning\x64\debug\dearimgu.255f2b2f.tlog\link.15396.write.1.tlog
c:\hobbyd\slimegamemapmaker\dearimguilearning\x64\debug\dearimgu.255f2b2f.tlog\link.command.1.tlog
c:\hobbyd\slimegamemapmaker\dearimguilearning\x64\debug\dearimgu.255f2b2f.tlog\link.read.1.tlog
c:\hobbyd\slimegamemapmaker\dearimguilearning\x64\debug\dearimgu.255f2b2f.tlog\link.write.1.tlog
